<?xml version="1.0" encoding="UTF-8"?>
<!-- Generated by org.testng.reporters.JUnitXMLReporter -->
<testsuite hostname="DESKTOP-BNM6370" ignored="2" name="Test" tests="2" failures="0" timestamp="2020-04-04T12:13:46 IST" time="47.928" errors="0">
  <testcase name="@BeforeClass Login" time="0.025" classname="com.erp.utilities.BaseClass">
    <failure type="java.lang.NullPointerException">
      <![CDATA[java.lang.NullPointerException
at com.erp.utilities.BaseClass.Login(BaseClass.java:46)
at java.util.ArrayList.forEach(ArrayList.java:1249)
... Removed 25 stack frames]]>
    </failure>
  </testcase> <!-- @BeforeClass Login -->
  <testcase name="@AfterClass Logout" time="-1.58598262458E9" classname="com.erp.utilities.BaseClass">
    <skipped/>
  </testcase> <!-- @AfterClass Logout -->
  <testcase name="testCreateCustomer" time="21.886" classname="com.erp.customer_scripts.CreateCustomer"/>
  <testcase name="testCreateProject" time="0.0" classname="com.erp.projects_scripts.CreateProject">
    <skipped/>
  </testcase> <!-- testCreateProject -->
  <testcase name="@BeforeTest OpenBrowser" time="0.0" classname="com.erp.utilities.BaseClass">
    <ignored/>
  </testcase> <!-- @BeforeTest OpenBrowser -->
  <testcase name="@AfterTest CloseBrowser" time="0.0" classname="com.erp.utilities.BaseClass">
    <ignored/>
  </testcase> <!-- @AfterTest CloseBrowser -->
</testsuite> <!-- Test -->
