<?xml version="1.0" encoding="UTF-8"?>
<testsuite xmlns:xsi="http://www.w3.org/2001/XMLSchema-instance" xsi:noNamespaceSchemaLocation="https://maven.apache.org/surefire/maven-surefire-plugin/xsd/surefire-test-report-3.0.xsd" version="3.0" name="TestSuite" time="409.685" tests="2" errors="0" skipped="0" failures="2">
  <properties>
[...]
</properties>
  <testcase name="testCreateCustomer" classname="com.erp.customer_scripts.CreateCustomer" time="41.882">
    <failure message="no such element: Unable to locate element: {&quot;method&quot;:&quot;class name&quot;,&quot;selector&quot;:&quot;successmsg&quot;}&#10;  (Session info: chrome=80.0.3987.163)&#10;  (Driver info: chromedriver=2.42.591088 (7b2b2dca23cca0862f674758c9a3933e685c27d5),platform=Windows NT 10.0.18363 x86_64) (WARNING: The server did not provide any stacktrace information)&#10;Command duration or timeout: 0 milliseconds&#10;For documentation on this error, please visit: https://www.seleniumhq.org/exceptions/no_such_element.html&#10;Build info: version: &apos;3.141.59&apos;, revision: &apos;e82be7d358&apos;, time: &apos;2018-11-14T08:17:03&apos;&#10;System info: host: &apos;DESKTOP-BNM6370&apos;, ip: &apos;192.168.0.13&apos;, os.name: &apos;Windows 10&apos;, os.arch: &apos;amd64&apos;, os.version: &apos;10.0&apos;, java.version: &apos;1.8.0_91&apos;&#10;Driver info: org.openqa.selenium.chrome.ChromeDriver&#10;Capabilities {acceptInsecureCerts: false, acceptSslCerts: false, applicationCacheEnabled: false, browserConnectionEnabled: false, browserName: chrome, chrome: {chromedriverVersion: 2.42.591088 (7b2b2dca23cca0..., userDataDir: C:\Windows\TEMP\scoped_dir1...}, cssSelectorsEnabled: true, databaseEnabled: false, goog:chromeOptions: {debuggerAddress: localhost:51031}, handlesAlerts: true, hasTouchScreen: false, javascriptEnabled: true, locationContextEnabled: true, mobileEmulationEnabled: false, nativeEvents: true, networkConnectionEnabled: false, pageLoadStrategy: normal, platform: XP, platformName: XP, rotatable: false, setWindowRect: true, takesHeapSnapshot: true, takesScreenshot: true, unexpectedAlertBehaviour: , unhandledPromptBehavior: , version: 80.0.3987.163, webStorageEnabled: true}&#10;Session ID: 7a7b660a8a4ac9d13ae61804c92df044&#10;*** Element info: {Using=class name, value=successmsg}" type="org.openqa.selenium.NoSuchElementException"><![CDATA[org.openqa.selenium.NoSuchElementException: 
no such element: Unable to locate element: {"method":"class name","selector":"successmsg"}
  (Session info: chrome=80.0.3987.163)
  (Driver info: chromedriver=2.42.591088 (7b2b2dca23cca0862f674758c9a3933e685c27d5),platform=Windows NT 10.0.18363 x86_64) (WARNING: The server did not provide any stacktrace information)
Command duration or timeout: 0 milliseconds
For documentation on this error, please visit: https://www.seleniumhq.org/exceptions/no_such_element.html
Build info: version: '3.141.59', revision: 'e82be7d358', time: '2018-11-14T08:17:03'
System info: host: 'DESKTOP-BNM6370', ip: '192.168.0.13', os.name: 'Windows 10', os.arch: 'amd64', os.version: '10.0', java.version: '1.8.0_91'
Driver info: org.openqa.selenium.chrome.ChromeDriver
Capabilities {acceptInsecureCerts: false, acceptSslCerts: false, applicationCacheEnabled: false, browserConnectionEnabled: false, browserName: chrome, chrome: {chromedriverVersion: 2.42.591088 (7b2b2dca23cca0..., userDataDir: C:\Windows\TEMP\scoped_dir1...}, cssSelectorsEnabled: true, databaseEnabled: false, goog:chromeOptions: {debuggerAddress: localhost:51031}, handlesAlerts: true, hasTouchScreen: false, javascriptEnabled: true, locationContextEnabled: true, mobileEmulationEnabled: false, nativeEvents: true, networkConnectionEnabled: false, pageLoadStrategy: normal, platform: XP, platformName: XP, rotatable: false, setWindowRect: true, takesHeapSnapshot: true, takesScreenshot: true, unexpectedAlertBehaviour: , unhandledPromptBehavior: , version: 80.0.3987.163, webStorageEnabled: true}
Session ID: 7a7b660a8a4ac9d13ae61804c92df044
*** Element info: {Using=class name, value=successmsg}
	at com.erp.customer_scripts.CreateCustomer.testCreateCustomer(CreateCustomer.java:32)
]]></failure>
    <system-out><![CDATA[04-04-2020 20:01:01 BaseClass.java INFO  [main] utilities.BaseClass 31 - **********Browser Launched**********
04-04-2020 20:01:26 BaseClass.java INFO  [main] utilities.BaseClass 36 - **********Browser Maximized**********
04-04-2020 20:01:47 BaseClass.java INFO  [main] utilities.BaseClass 49 - **********Login Success**********
04-04-2020 20:01:54 CreateCustomer.java INFO  [main] utilities.BaseClass 20 - **********Customer Name is fected from Excel*********
04-04-2020 20:01:56 CreateCustomer.java INFO  [main] utilities.BaseClass 23 - **********Projects And Customers Link is Clicked**********
04-04-2020 20:01:57 CreateCustomer.java INFO  [main] utilities.BaseClass 26 - **********Add New Customer Button is Clicked**********
04-04-2020 20:01:58 CreateCustomer.java INFO  [main] utilities.BaseClass 29 - **********Customer Name is Entered**********
04-04-2020 20:01:59 CreateCustomer.java INFO  [main] utilities.BaseClass 31 - **********Create Customer Button is Clicked**********
]]></system-out>
    <system-err><![CDATA[Starting ChromeDriver 2.42.591088 (7b2b2dca23cca0862f674758c9a3933e685c27d5) on port 42289
Only local connections are allowed.
[1586010651.718][WARNING]: Timed out connecting to Chrome, retrying...
Apr 04, 2020 8:01:01 PM org.openqa.selenium.remote.ProtocolHandshake createSession
INFO: Detected dialect: OSS
[1586010684.300][WARNING]: Timed out connecting to Chrome, retrying...
]]></system-err>
  </testcase>
  <testcase name="testCreateProject" classname="com.erp.projects_scripts.CreateProject" time="64.295">
    <failure message="no such element: Unable to locate element: {&quot;method&quot;:&quot;xpath&quot;,&quot;selector&quot;:&quot;//input[@value=&apos;Add New Project&apos;]&quot;}&#10;  (Session info: chrome=80.0.3987.163)&#10;  (Driver info: chromedriver=2.42.591088 (7b2b2dca23cca0862f674758c9a3933e685c27d5),platform=Windows NT 10.0.18363 x86_64) (WARNING: The server did not provide any stacktrace information)&#10;Command duration or timeout: 0 milliseconds&#10;For documentation on this error, please visit: https://www.seleniumhq.org/exceptions/no_such_element.html&#10;Build info: version: &apos;3.141.59&apos;, revision: &apos;e82be7d358&apos;, time: &apos;2018-11-14T08:17:03&apos;&#10;System info: host: &apos;DESKTOP-BNM6370&apos;, ip: &apos;192.168.0.13&apos;, os.name: &apos;Windows 10&apos;, os.arch: &apos;amd64&apos;, os.version: &apos;10.0&apos;, java.version: &apos;1.8.0_91&apos;&#10;Driver info: org.openqa.selenium.chrome.ChromeDriver&#10;Capabilities {acceptInsecureCerts: false, acceptSslCerts: false, applicationCacheEnabled: false, browserConnectionEnabled: false, browserName: chrome, chrome: {chromedriverVersion: 2.42.591088 (7b2b2dca23cca0..., userDataDir: C:\Windows\TEMP\scoped_dir1...}, cssSelectorsEnabled: true, databaseEnabled: false, goog:chromeOptions: {debuggerAddress: localhost:51106}, handlesAlerts: true, hasTouchScreen: false, javascriptEnabled: true, locationContextEnabled: true, mobileEmulationEnabled: false, nativeEvents: true, networkConnectionEnabled: false, pageLoadStrategy: normal, platform: XP, platformName: XP, rotatable: false, setWindowRect: true, takesHeapSnapshot: true, takesScreenshot: true, unexpectedAlertBehaviour: , unhandledPromptBehavior: , version: 80.0.3987.163, webStorageEnabled: true}&#10;Session ID: 3ccff62d8cd5c6dd175b41c9dafb5ec3&#10;*** Element info: {Using=xpath, value=//input[@value=&apos;Add New Project&apos;]}" type="org.openqa.selenium.NoSuchElementException"><![CDATA[org.openqa.selenium.NoSuchElementException: 
no such element: Unable to locate element: {"method":"xpath","selector":"//input[@value='Add New Project']"}
  (Session info: chrome=80.0.3987.163)
  (Driver info: chromedriver=2.42.591088 (7b2b2dca23cca0862f674758c9a3933e685c27d5),platform=Windows NT 10.0.18363 x86_64) (WARNING: The server did not provide any stacktrace information)
Command duration or timeout: 0 milliseconds
For documentation on this error, please visit: https://www.seleniumhq.org/exceptions/no_such_element.html
Build info: version: '3.141.59', revision: 'e82be7d358', time: '2018-11-14T08:17:03'
System info: host: 'DESKTOP-BNM6370', ip: '192.168.0.13', os.name: 'Windows 10', os.arch: 'amd64', os.version: '10.0', java.version: '1.8.0_91'
Driver info: org.openqa.selenium.chrome.ChromeDriver
Capabilities {acceptInsecureCerts: false, acceptSslCerts: false, applicationCacheEnabled: false, browserConnectionEnabled: false, browserName: chrome, chrome: {chromedriverVersion: 2.42.591088 (7b2b2dca23cca0..., userDataDir: C:\Windows\TEMP\scoped_dir1...}, cssSelectorsEnabled: true, databaseEnabled: false, goog:chromeOptions: {debuggerAddress: localhost:51106}, handlesAlerts: true, hasTouchScreen: false, javascriptEnabled: true, locationContextEnabled: true, mobileEmulationEnabled: false, nativeEvents: true, networkConnectionEnabled: false, pageLoadStrategy: normal, platform: XP, platformName: XP, rotatable: false, setWindowRect: true, takesHeapSnapshot: true, takesScreenshot: true, unexpectedAlertBehaviour: , unhandledPromptBehavior: , version: 80.0.3987.163, webStorageEnabled: true}
Session ID: 3ccff62d8cd5c6dd175b41c9dafb5ec3
*** Element info: {Using=xpath, value=//input[@value='Add New Project']}
	at com.erp.projects_scripts.CreateProject.testCreateProject(CreateProject.java:27)
]]></failure>
    <system-out><![CDATA[04-04-2020 20:02:29 BaseClass.java INFO  [main] utilities.BaseClass 54 - **********Logout Success**********
04-04-2020 20:02:33 BaseClass.java INFO  [main] utilities.BaseClass 42 - **********Browser Closed**********
04-04-2020 20:02:46 BaseClass.java INFO  [main] utilities.BaseClass 31 - **********Browser Launched**********
04-04-2020 20:03:13 BaseClass.java INFO  [main] utilities.BaseClass 36 - **********Browser Maximized**********
04-04-2020 20:06:21 BaseClass.java INFO  [main] utilities.BaseClass 49 - **********Login Success**********
04-04-2020 20:06:22 CreateProject.java INFO  [main] utilities.BaseClass 20 - **********Customer Name is fetched from Excel**********
04-04-2020 20:06:22 CreateProject.java INFO  [main] utilities.BaseClass 22 - **********Project Name is Fetched from Excel**********
04-04-2020 20:06:53 CreateProject.java INFO  [main] utilities.BaseClass 25 - **********Projects and Customers Link is Clicked**********
]]></system-out>
    <system-err><![CDATA[Starting ChromeDriver 2.42.591088 (7b2b2dca23cca0862f674758c9a3933e685c27d5) on port 21817
Only local connections are allowed.
[1586010759.248][WARNING]: Timed out connecting to Chrome, retrying...
Apr 04, 2020 8:02:46 PM org.openqa.selenium.remote.ProtocolHandshake createSession
INFO: Detected dialect: OSS
[1586010791.162][WARNING]: Timed out connecting to Chrome, retrying...
]]></system-err>
  </testcase>
</testsuite>